<?xml version="1.0" encoding="UTF-8"?>
<!-- Generated by org.testng.reporters.JUnitXMLReporter -->
<testsuite ignored="0" hostname="SSAISRINIVAS" failures="0" tests="16" name="group test1" time="0.14" errors="0" timestamp="2024-07-21T09:19:58 IST">
  <testcase classname="com.testng.P13.HYR.GroupingTest1" name="testMethod2" time="0.009"/>
  <testcase classname="com.testng.P13.HYR.GroupingTest2" name="testMethod3" time="0.001"/>
  <testcase classname="com.testng.P13.HYR.GroupingTest3" name="testMethod2" time="0.001"/>
  <testcase classname="com.testng.P13.HYR.GroupingTest4" name="testMethod3" time="0.001"/>
  <testcase classname="com.testng.P15.HYR.GroupDependencyTest" name="testMethod1" time="0.001"/>
  <testcase classname="com.testng.P15.HYR.GroupDependencyTest" name="testMethod3" time="0.002"/>
  <testcase classname="com.testng.P15.HYR.GroupDependencyTest" name="testMethod4" time="0.002"/>
  <testcase classname="com.testng.P13.HYR.GroupingTest1" name="testMethod1" time="0.001"/>
  <testcase classname="com.testng.P13.HYR.GroupingTest2" name="testMethod2" time="0.001"/>
  <testcase classname="com.testng.P13.HYR.GroupingTest3" name="testMethod1" time="0.002"/>
  <testcase classname="com.testng.P13.HYR.GroupingTest4" name="testMethod2" time="0.002"/>
  <testcase classname="com.testng.P15.HYR.GroupDependencyTest" name="testMethod2" time="0.002"/>
  <testcase classname="com.testng.P13.HYR.GroupingTest1" name="testMethod3" time="0.002"/>
  <testcase classname="com.testng.P13.HYR.GroupingTest2" name="testMethod1" time="0.0"/>
  <testcase classname="com.testng.P13.HYR.GroupingTest3" name="testMethod3" time="0.001"/>
  <testcase classname="com.testng.P13.HYR.GroupingTest4" name="testMethod1" time="0.002"/>
</testsuite> <!-- group test1 -->
