<?xml version="1.0" encoding="UTF-8"?>
<!-- Generated by org.testng.reporters.JUnitXMLReporter -->
<testsuite ignored="2" hostname="SSAISRINIVAS" failures="1" tests="2" name="ListenersTest2" time="1.041" errors="0" timestamp="2024-07-22T10:57:14 IST">
  <testcase classname="com.testng.P25.HYR.ListenersTest.TestClass1" name="testMethod3" time="1.018">
    <failure type="org.testng.internal.thread.ThreadTimeoutException" message="Method com.testng.P25.HYR.ListenersTest.TestClass1.testMethod3() didn&amp;apos;t finish within the time-out 1000">
      <![CDATA[org.testng.internal.thread.ThreadTimeoutException: Method com.testng.P25.HYR.ListenersTest.TestClass1.testMethod3() didn't finish within the time-out 1000
at java.base@17.0.7/java.lang.Thread.sleep(Native Method)
at app//com.testng.P25.HYR.ListenersTest.TestClass1.testMethod3(TestClass1.java:23)
at java.base@17.0.7/java.util.concurrent.FutureTask.run(FutureTask.java:264)
at java.base@17.0.7/java.util.concurrent.ThreadPoolExecutor.runWorker(ThreadPoolExecutor.java:1136)
at java.base@17.0.7/java.util.concurrent.ThreadPoolExecutor$Worker.run(ThreadPoolExecutor.java:635)
at java.base@17.0.7/java.lang.Thread.run(Thread.java:833)
... Removed 8 stack frames]]>
    </failure>
  </testcase> <!-- testMethod3 -->
  <testcase classname="com.testng.P25.HYR.ListenersTest.TestClass1" name="testMethod4" time="0.0">
    <skipped/>
  </testcase> <!-- testMethod4 -->
  <testcase classname="com.testng.P25.HYR.ListenersTest.TestClass1" name="testMethod1" time="0.0">
    <ignored/>
  </testcase> <!-- testMethod1 -->
  <testcase classname="com.testng.P25.HYR.ListenersTest.TestClass1" name="testMethod2" time="0.0">
    <ignored/>
  </testcase> <!-- testMethod2 -->
</testsuite> <!-- ListenersTest2 -->
