<?xml version="1.0" encoding="UTF-8"?>
<!-- Generated by org.testng.reporters.JUnitXMLReporter -->
<testsuite ignored="2" hostname="SSAISRINIVAS" failures="1" tests="2" name="ListenersTest1" time="0.092" errors="0" timestamp="2024-07-22T10:57:13 IST">
  <testcase classname="com.testng.P25.HYR.ListenersTest.TestClass1" name="testMethod1" time="0.017"/>
  <testcase classname="com.testng.P25.HYR.ListenersTest.TestClass1" name="testMethod2" time="0.016">
    <failure type="java.lang.AssertionError" message="expected [true] but found [false]">
      <![CDATA[java.lang.AssertionError: expected [true] but found [false]
at com.testng.P25.HYR.ListenersTest.TestClass1.testMethod2(TestClass1.java:18)
at java.base/java.util.ArrayList.forEach(ArrayList.java:1511)
... Removed 31 stack frames]]>
    </failure>
  </testcase> <!-- testMethod2 -->
  <testcase classname="com.testng.P25.HYR.ListenersTest.TestClass1" name="testMethod4" time="0.0">
    <ignored/>
  </testcase> <!-- testMethod4 -->
  <testcase classname="com.testng.P25.HYR.ListenersTest.TestClass1" name="testMethod3" time="0.0">
    <ignored/>
  </testcase> <!-- testMethod3 -->
</testsuite> <!-- ListenersTest1 -->
