<?xml version="1.0" encoding="UTF-8"?>
<!-- Generated by org.testng.reporters.JUnitXMLReporter -->
<testsuite ignored="0" hostname="SSAISRINIVAS" failures="0" tests="4" name="ParallelTest3" time="0.101" errors="0" timestamp="2024-07-21T21:38:19 IST">
  <testcase classname="com.testng.P21.HYR.ParallelTest.TestClass3" name="testMethod1" time="0.013"/>
  <testcase classname="com.testng.P21.HYR.ParallelTest.TestClass3" name="testMethod2" time="0.001"/>
  <testcase classname="com.testng.P21.HYR.ParallelTest.TestClass3" name="testMethod3" time="0.002"/>
  <testcase classname="com.testng.P21.HYR.ParallelTest.TestClass3" name="testMethod4" time="0.001"/>
</testsuite> <!-- ParallelTest3 -->
