<?xml version="1.0" encoding="UTF-8"?>
<!-- Generated by org.testng.reporters.JUnitXMLReporter -->
<testsuite ignored="0" hostname="SSAISRINIVAS" failures="0" tests="5" name="ParllelTestExecution" time="30.255" errors="0" timestamp="2024-07-21T20:05:13 IST">
  <testcase classname="com.testng.P21.HYR.ParallelTest.ParllelTestExecution" name="dataProviderTest11" time="10.172"/>
  <testcase classname="com.testng.P21.HYR.ParallelTest.ParllelTestExecution" name="dataProviderTest10" time="8.465"/>
  <testcase classname="com.testng.P21.HYR.ParallelTest.ParllelTestExecution" name="dataProviderTest10" time="10.787"/>
  <testcase classname="com.testng.P21.HYR.ParallelTest.ParllelTestExecution" name="dataProviderTest10" time="8.661"/>
  <testcase classname="com.testng.P21.HYR.ParallelTest.ParllelTestExecution" name="dataProviderTest10" time="9.216"/>
</testsuite> <!-- ParllelTestExecution -->
