<?xml version="1.0" encoding="UTF-8"?>
<!-- Generated by org.testng.reporters.JUnitXMLReporter -->
<testsuite ignored="3" hostname="sai" failures="1" tests="1" name="Test3" time="16.432" errors="0" timestamp="2025-03-12T10:20:23 IST">
  <testcase classname="com.testng.P26.HYR.ScreenShotsTest.ScreenShotsTest" name="facebookTest" time="13.445">
    <failure type="java.lang.AssertionError" message="The following asserts failed:
	User name text is mismathced expected [Log in to Facebook1] but found [Log in to Facebook]">
      <![CDATA[java.lang.AssertionError: The following asserts failed:
User name text is mismathced expected [Log in to Facebook1] but found [Log in to Facebook]
at com.testng.P26.HYR.ScreenShotsTest.ScreenShotsTest.facebookTest(ScreenShotsTest.java:67)
at java.base/java.util.ArrayList.forEach(ArrayList.java:1511)
... Removed 29 stack frames]]>
    </failure>
  </testcase> <!-- facebookTest -->
  <testcase classname="com.testng.P26.HYR.ScreenShotsTest.ScreenShotsTest" name="loginToOrangeHRMApplication" time="0.0">
    <ignored/>
  </testcase> <!-- loginToOrangeHRMApplication -->
  <testcase classname="com.testng.base.BaseClass" name="Test" time="0.0">
    <ignored/>
  </testcase> <!-- Test -->
  <testcase classname="com.testng.P26.HYR.ScreenShotsTest.ScreenShotsTest" name="googleTest" time="0.0">
    <ignored/>
  </testcase> <!-- googleTest -->
</testsuite> <!-- Test3 -->
