<?xml version="1.0" encoding="UTF-8"?>
<!-- Generated by org.testng.reporters.JUnitXMLReporter -->
<testsuite ignored="3" hostname="sai" failures="0" tests="1" name="Test1" time="11.775" errors="0" timestamp="2025-03-12T10:19:56 IST">
  <testcase classname="com.testng.P26.HYR.ScreenShotsTest.ScreenShotsTest" name="googleTest" time="9.516"/>
  <testcase classname="com.testng.base.BaseClass" name="Test" time="0.0">
    <ignored/>
  </testcase> <!-- Test -->
  <testcase classname="com.testng.P26.HYR.ScreenShotsTest.ScreenShotsTest" name="facebookTest" time="0.0">
    <ignored/>
  </testcase> <!-- facebookTest -->
  <testcase classname="com.testng.P26.HYR.ScreenShotsTest.ScreenShotsTest" name="loginToOrangeHRMApplication" time="0.0">
    <ignored/>
  </testcase> <!-- loginToOrangeHRMApplication -->
</testsuite> <!-- Test1 -->
