<?xml version="1.0" encoding="UTF-8"?>
<!-- Generated by org.testng.reporters.JUnitXMLReporter -->
<testsuite ignored="0" hostname="SSAISRINIVAS" failures="0" tests="3" name="test4" time="0.013" errors="0" timestamp="2024-07-20T19:52:20 IST">
  <testcase classname="com.testng.P13.HYR.GroupingTest4" name="testMethod1" time="0.002"/>
  <testcase classname="com.testng.P13.HYR.GroupingTest4" name="testMethod2" time="0.002"/>
  <testcase classname="com.testng.P13.HYR.GroupingTest4" name="testMethod3" time="0.002"/>
</testsuite> <!-- test4 -->
