<?xml version="1.0" encoding="UTF-8"?>
<testng-results ignored="0" total="1" passed="1" failed="0" skipped="0">
  <reporter-output>
  </reporter-output>
  <suite started-at="2025-03-17T19:33:16 IST" name="Default suite" finished-at="2025-03-17T19:34:07 IST" duration-ms="50585">
    <groups>
    </groups>
    <test started-at="2025-03-17T19:33:16 IST" name="Default test" finished-at="2025-03-17T19:34:07 IST" duration-ms="50585">
      <class name="com.testng.base.BaseClass">
        <test-method is-config="true" signature="beforeMethodTest()[pri:0, instance:com.testng.base.BaseClass@2af004b]" started-at="2025-03-17T19:33:16 IST" name="beforeMethodTest" finished-at="2025-03-17T19:33:18 IST" duration-ms="1836" status="PASS">
          <reporter-output>
          </reporter-output>
        </test-method> <!-- beforeMethodTest -->
        <test-method signature="Test()[pri:0, instance:com.testng.base.BaseClass@2af004b]" started-at="2025-03-17T19:33:18 IST" name="Test" finished-at="2025-03-17T19:34:06 IST" duration-ms="48353" status="PASS">
          <reporter-output>
          </reporter-output>
        </test-method> <!-- Test -->
        <test-method is-config="true" signature="afterMethodTest()[pri:0, instance:com.testng.base.BaseClass@2af004b]" started-at="2025-03-17T19:34:06 IST" name="afterMethodTest" finished-at="2025-03-17T19:34:07 IST" duration-ms="341" status="PASS">
          <reporter-output>
          </reporter-output>
        </test-method> <!-- afterMethodTest -->
      </class> <!-- com.testng.base.BaseClass -->
    </test> <!-- Default test -->
  </suite> <!-- Default suite -->
</testng-results>
