<?xml version="1.0" encoding="UTF-8"?>
<testng-results ignored="0" total="2" passed="2" failed="0" skipped="0">
  <reporter-output>
  </reporter-output>
  <suite started-at="2025-03-11T19:21:54 IST" name="Default suite" finished-at="2025-03-11T19:22:15 IST" duration-ms="21045">
    <groups>
      <group name="smoke">
        <method signature="TestNGCompletePractice.fbTest()[pri:1, instance:com.sai.practice.TestNGCompletePractice@3cce5371]" name="fbTest" class="com.sai.practice.TestNGCompletePractice"/>
      </group> <!-- smoke -->
      <group name="sanity">
        <method signature="TestNGCompletePractice.loginToOrangeHRMApplication()[pri:0, instance:com.sai.practice.TestNGCompletePractice@3cce5371]" name="loginToOrangeHRMApplication" class="com.sai.practice.TestNGCompletePractice"/>
      </group> <!-- sanity -->
    </groups>
    <test started-at="2025-03-11T19:21:54 IST" name="Default test" finished-at="2025-03-11T19:22:15 IST" duration-ms="21045">
      <class name="com.sai.practice.TestNGCompletePractice">
        <test-method is-config="true" signature="loadPropertiesFile()[pri:0, instance:com.sai.practice.TestNGCompletePractice@3cce5371]" started-at="2025-03-11T19:21:54 IST" name="loadPropertiesFile" finished-at="2025-03-11T19:21:54 IST" duration-ms="15" status="PASS">
          <reporter-output>
          </reporter-output>
        </test-method> <!-- loadPropertiesFile -->
        <test-method is-config="true" signature="createDriver()[pri:0, instance:com.sai.practice.TestNGCompletePractice@3cce5371]" started-at="2025-03-11T19:21:54 IST" name="createDriver" finished-at="2025-03-11T19:21:55 IST" duration-ms="1743" status="PASS">
          <reporter-output>
          </reporter-output>
        </test-method> <!-- createDriver -->
        <test-method signature="loginToOrangeHRMApplication()[pri:0, instance:com.sai.practice.TestNGCompletePractice@3cce5371]" started-at="2025-03-11T19:21:55 IST" name="loginToOrangeHRMApplication" finished-at="2025-03-11T19:22:10 IST" duration-ms="14377" status="PASS">
          <reporter-output>
          </reporter-output>
        </test-method> <!-- loginToOrangeHRMApplication -->
        <test-method is-config="true" signature="tearDown()[pri:0, instance:com.sai.practice.TestNGCompletePractice@3cce5371]" started-at="2025-03-11T19:22:10 IST" name="tearDown" finished-at="2025-03-11T19:22:10 IST" duration-ms="173" status="PASS">
          <reporter-output>
          </reporter-output>
        </test-method> <!-- tearDown -->
        <test-method is-config="true" signature="createDriver()[pri:0, instance:com.sai.practice.TestNGCompletePractice@3cce5371]" started-at="2025-03-11T19:22:10 IST" name="createDriver" finished-at="2025-03-11T19:22:12 IST" duration-ms="1251" status="PASS">
          <reporter-output>
          </reporter-output>
        </test-method> <!-- createDriver -->
        <test-method signature="fbTest()[pri:1, instance:com.sai.practice.TestNGCompletePractice@3cce5371]" started-at="2025-03-11T19:22:12 IST" name="fbTest" finished-at="2025-03-11T19:22:13 IST" depends-on-methods="com.sai.practice.TestNGCompletePractice.loginToOrangeHRMApplication" duration-ms="1137" status="PASS">
          <reporter-output>
          </reporter-output>
        </test-method> <!-- fbTest -->
        <test-method is-config="true" signature="tearDown()[pri:0, instance:com.sai.practice.TestNGCompletePractice@3cce5371]" started-at="2025-03-11T19:22:14 IST" name="tearDown" finished-at="2025-03-11T19:22:15 IST" duration-ms="184" status="PASS">
          <reporter-output>
          </reporter-output>
        </test-method> <!-- tearDown -->
      </class> <!-- com.sai.practice.TestNGCompletePractice -->
    </test> <!-- Default test -->
  </suite> <!-- Default suite -->
</testng-results>
