<?xml version="1.0" encoding="UTF-8"?>
<!-- Generated by org.testng.reporters.JUnitXMLReporter -->
<testsuite ignored="14" hostname="sai" failures="0" tests="2" name="Default test" time="21.045" errors="0" timestamp="2025-03-11T19:22:15 IST">
  <testcase classname="com.sai.practice.TestNGCompletePractice" name="loginToOrangeHRMApplication" time="14.377"/>
  <testcase classname="com.sai.practice.TestNGCompletePractice" name="fbTest" time="1.137"/>
  <testcase classname="com.sai.practice.TestNGCompletePractice" name="stringDataUsing" time="0.0">
    <ignored/>
  </testcase> <!-- stringDataUsing -->
  <testcase classname="com.sai.practice.TestNGCompletePractice" name="objectDataIteratorUsing" time="0.0">
    <ignored/>
  </testcase> <!-- objectDataIteratorUsing -->
  <testcase classname="com.sai.practice.TestNGCompletePractice" name="stringData2DUsing" time="0.0">
    <ignored/>
  </testcase> <!-- stringData2DUsing -->
  <testcase classname="com.sai.practice.TestNGCompletePractice" name="object2DDataSupplierIterator" time="0.0">
    <ignored/>
  </testcase> <!-- object2DDataSupplierIterator -->
  <testcase classname="com.sai.practice.TestNGCompletePractice" name="intDataUsing" time="0.0">
    <ignored/>
  </testcase> <!-- intDataUsing -->
  <testcase classname="com.sai.practice.TestNGCompletePractice" name="testMethod4" time="0.0">
    <ignored/>
  </testcase> <!-- testMethod4 -->
  <testcase classname="com.sai.practice.TestNGCompletePractice" name="stringDataIteratorUsing" time="0.0">
    <ignored/>
  </testcase> <!-- stringDataIteratorUsing -->
  <testcase classname="com.sai.practice.TestNGCompletePractice" name="objectDataUsing" time="0.0">
    <ignored/>
  </testcase> <!-- objectDataUsing -->
  <testcase classname="com.sai.practice.TestNGCompletePractice" name="objectDataUsing" time="0.0">
    <ignored/>
  </testcase> <!-- objectDataUsing -->
  <testcase classname="com.sai.practice.TestNGCompletePractice" name="testMethod3" time="0.0">
    <ignored/>
  </testcase> <!-- testMethod3 -->
  <testcase classname="com.sai.practice.TestNGCompletePractice" name="testMethod1" time="0.0">
    <ignored/>
  </testcase> <!-- testMethod1 -->
  <testcase classname="com.sai.practice.TestNGCompletePractice" name="object2DDataIteratorUsing" time="0.0">
    <ignored/>
  </testcase> <!-- object2DDataIteratorUsing -->
  <testcase classname="com.sai.practice.TestNGCompletePractice" name="testMethod2" time="0.0">
    <ignored/>
  </testcase> <!-- testMethod2 -->
  <testcase classname="com.sai.practice.TestNGCompletePractice" name="string2DDataIteratorUsing" time="0.0">
    <ignored/>
  </testcase> <!-- string2DDataIteratorUsing -->
</testsuite> <!-- Default test -->
