<?xml version="1.0" encoding="UTF-8"?>
<!-- Generated by org.testng.reporters.JUnitXMLReporter -->
<testsuite ignored="1" hostname="SSAISRINIVAS" failures="0" tests="3" name="OrangeHRMLogin" time="18.678" errors="0" timestamp="2024-07-20T12:49:39 IST">
  <testcase classname="com.testng.P4.HYR.OrangeHRM" name="loginToOrangeHRMApplication" time="9.735"/>
  <testcase classname="com.testng.P4.HYR.OrangeHRM" name="navigateToMyInfo" time="3.912"/>
  <testcase classname="com.testng.P4.HYR.OrangeHRM" name="varifyMyInfo" time="3.043"/>
  <testcase classname="com.testng.P4.HYR.OrangeHRM" name="varifyLogin" time="0.0">
    <ignored/>
  </testcase> <!-- varifyLogin -->
</testsuite> <!-- OrangeHRMLogin -->
