<?xml version="1.0" encoding="UTF-8"?>
<!-- Generated by org.testng.reporters.JUnitXMLReporter -->
<testsuite ignored="0" hostname="SSAISRINIVAS" failures="0" tests="4" name="OrangeHRMMyInfo" time="20.174" errors="0" timestamp="2024-07-20T12:49:59 IST">
  <testcase classname="com.testng.P4.HYR.OrangeHRM" name="loginToOrangeHRMApplication" time="9.014"/>
  <testcase classname="com.testng.P4.HYR.OrangeHRM" name="navigateToMyInfo" time="3.898"/>
  <testcase classname="com.testng.P4.HYR.OrangeHRM" name="varifyMyInfo" time="3.032"/>
  <testcase classname="com.testng.P4.HYR.OrangeHRM" name="varifyLogin" time="3.08"/>
</testsuite> <!-- OrangeHRMMyInfo -->
